2026-04-17 20:10:22,152 INFO Filtered export triggered by faculty_user with 30 rows.
2026-04-17 20:10:52,577 INFO Filtered export triggered by faculty_user with 1 rows.
2026-04-17 20:11:08,867 INFO Filtered export triggered by faculty_user with 5 rows.
2026-04-17 20:11:35,945 INFO Full export triggered by faculty_user with 30 rows.
2026-04-17 20:12:17,671 INFO System checks executed: failed=0
2026-04-17 20:13:50,713 INFO Filtered export triggered by  with 1 rows.
2026-04-18 23:31:26,775 INFO Official-format export triggered by faculty_user with 30 rows using template R:\Github\clg-paper-analysis\Faculty Publications,A.Y. 2025-26,SEM-I & II.xlsx.
2026-04-18 23:31:46,065 INFO Official-format export triggered by faculty_user with 30 rows using template R:\Github\clg-paper-analysis\Faculty Publications,A.Y. 2025-26,SEM-I & II.xlsx.
2026-04-18 23:31:59,057 INFO Official-format export triggered by faculty_user with 30 rows using template R:\Github\clg-paper-analysis\Faculty Publications,A.Y. 2025-26,SEM-I & II.xlsx.
2026-04-18 23:32:32,316 INFO Official-format export triggered by faculty_user with 30 rows using template R:\Github\clg-paper-analysis\Faculty Publications,A.Y. 2025-26,SEM-I & II.xlsx.
2026-04-18 23:32:35,802 INFO Filtered export triggered by faculty_user with 5 rows.
2026-04-18 23:33:25,421 INFO Official-format export triggered by faculty_user with 30 rows using template R:\Github\clg-paper-analysis\Faculty Publications,A.Y. 2025-26,SEM-I & II.xlsx.
2026-04-18 23:34:24,161 INFO Filtered export triggered by faculty_user with 5 rows.
2026-04-18 23:36:31,958 INFO Official-format export triggered by faculty_user with 30 rows using template R:\Github\clg-paper-analysis\Faculty Publications,A.Y. 2025-26,SEM-I & II.xlsx.
2026-04-18 23:36:54,095 INFO Official-format export triggered by faculty_user with 30 rows using template R:\Github\clg-paper-analysis\Faculty Publications,A.Y. 2025-26,SEM-I & II.xlsx.
2026-04-18 23:39:30,282 INFO Official-format filtered export triggered by faculty_user with 1 rows using template R:\Github\clg-paper-analysis\Faculty Publications,A.Y. 2025-26,SEM-I & II.xlsx.
2026-04-19 11:18:37,686 INFO Migration rebuild run by faculty_user: imported=30, skipped=1151
2026-04-19 11:23:16,455 INFO Official-format filtered export triggered by faculty_user with 3 rows using template R:\Github\clg-paper-analysis\Faculty Publications,A.Y. 2025-26,SEM-I & II.xlsx.
2026-04-19 11:31:55,217 INFO Migration rebuild run by faculty_user: imported=30, skipped=1151
2026-04-19 11:32:01,178 INFO System checks executed: failed=0
2026-04-19 11:32:09,013 INFO Migration rebuild run by faculty_user: imported=30, skipped=1151
2026-04-19 12:14:17,129 INFO Migration rebuild run by faculty_user: imported=30, skipped=1133
2026-04-19 12:14:20,750 INFO System checks executed: failed=0
2026-04-19 12:14:23,385 INFO System checks executed: failed=0
2026-04-19 12:25:39,068 INFO Migration rebuild run by faculty_user: imported=30, skipped=1133
2026-04-19 12:25:42,558 INFO System checks executed: failed=0
2026-04-19 12:53:17,530 INFO Admin login success.
2026-04-19 12:55:20,283 INFO Official-format filtered export triggered by admin with 7 rows using template R:\Github\clg-paper-analysis\Faculty Publications,A.Y. 2025-26,SEM-I & II.xlsx.
2026-04-19 12:58:44,728 INFO Admin login success.
2026-04-19 12:59:08,303 INFO Official-format filtered export triggered by admin with 7 rows using template R:\Github\clg-paper-analysis\Faculty Publications,A.Y. 2025-26,SEM-I & II.xlsx.
2026-04-19 18:01:49,628 INFO Faculty login success: Mr. Rohan Shinde
2026-04-19 18:04:16,050 INFO Faculty login success: Mr. Rohan Shinde
2026-04-19 18:11:33,251 INFO Faculty login success: Mr. Rohan Shinde
2026-04-19 18:12:07,504 INFO User logged out.
2026-04-19 23:22:35,110 INFO Faculty login success: Dr. Ms. Girija Gireesh Chiddarwar
2026-04-19 23:23:58,020 INFO User logged out.
2026-04-19 23:25:33,458 INFO Faculty login success: Dr. Ms. Girija Gireesh Chiddarwar
2026-04-19 23:25:58,512 INFO User logged out.
2026-04-19 23:28:49,752 INFO Faculty login success: Dr. Ms. Girija Gireesh Chiddarwar
2026-04-19 23:29:17,284 INFO User logged out.
2026-04-19 23:30:22,971 INFO Faculty login success: Mr. Test
2026-04-19 23:32:48,328 INFO User logged out.
2026-04-19 23:33:00,207 INFO Faculty login success: Mr. Test
2026-04-19 23:49:06,898 INFO Faculty login success: Dr. Ms. Girija Gireesh Chiddarwar
2026-04-19 23:50:51,738 INFO Submission 1 created by Dr. Ms. Girija Gireesh Chiddarwar.
2026-04-19 23:51:01,909 INFO User logged out.
2026-04-19 23:52:10,366 INFO Faculty login success: Dr. Ms. Girija Gireesh Chiddarwar
2026-04-19 23:55:27,015 INFO Faculty login success: Dr. Test Faculty
2026-04-19 23:57:19,923 INFO Submission 2 created by Dr. Test Faculty.
2026-04-19 23:57:32,656 INFO User logged out.
2026-04-19 23:59:04,134 INFO Faculty login success: Dr. Test Faculty
2026-04-20 00:05:45,128 INFO Faculty login success: Dr. Ms. Girija Gireesh Chiddarwar
2026-04-20 00:07:20,752 INFO Submission 3 created by Dr. Ms. Girija Gireesh Chiddarwar.
2026-04-20 00:07:25,864 INFO User logged out.
2026-04-20 00:07:46,983 INFO Admin login success.
2026-04-20 00:08:28,811 INFO Submission 1 moved to UNDER_REVIEW by admin.
2026-04-20 00:08:45,873 INFO Submission 1 moved to UNDER_REVIEW by admin.
2026-04-20 00:09:02,745 INFO Submission 1 moved to UNDER_REVIEW by admin.
2026-04-20 00:09:48,153 INFO Admin login success.
2026-04-20 00:10:22,023 INFO Submission 1 moved to UNDER_REVIEW by admin.
2026-04-20 00:10:40,994 INFO Submission 1 moved to UNDER_REVIEW by admin.
2026-04-20 00:10:53,974 INFO Submission 1 moved to UNDER_REVIEW by admin.
2026-04-20 00:11:14,652 INFO Submission 1 moved to UNDER_REVIEW by admin.
2026-04-20 00:12:11,855 INFO Submission 2 moved to UNDER_REVIEW by admin.
2026-04-20 00:12:12,983 INFO Submission 2 moved to UNDER_REVIEW by admin.
2026-04-20 00:13:04,970 INFO User logged out.
2026-04-20 00:15:33,346 INFO Admin login success.
2026-04-20 00:16:02,542 INFO Submission 1 moved to UNDER_REVIEW by admin.
2026-04-20 00:17:15,629 INFO Submission 1 approved by admin.
2026-04-20 00:19:49,937 INFO Admin login success.
2026-04-20 00:20:15,136 INFO Publication 31 deleted by admin.
2026-04-20 00:20:34,928 INFO Admin login success.
2026-04-20 21:35:53,045 INFO Admin login success.
2026-04-20 21:36:01,800 INFO User logged out.
2026-04-20 21:36:11,392 INFO Faculty login success: Mr. Rohan Shinde
2026-04-20 21:36:49,304 INFO User logged out.
2026-04-20 21:42:08,474 INFO Admin login success.
2026-04-20 21:42:42,095 INFO User logged out.
2026-04-20 21:42:55,416 INFO Faculty login success: Mr. Rohan Shinde
2026-04-20 21:56:19,004 INFO Faculty login success: Dr. Test Faculty
